
> my-docusaurus-site@0.0.0 build
> docusaurus build

[INFO] [en] Creating an optimized production build...
[WARNING] Error: Failed to retrieve the git history for file "C:\Users\UDAY\Documents\WORK media\Projects\my-docusaurus-site\website\news\index.mdx" because the file is not tracked by git.
[WARNING] Error: Failed to retrieve the git history for file "C:\Users\UDAY\Documents\WORK media\Projects\my-docusaurus-site\website\news\changelog.mdx" because the file is not tracked by git.
[WARNING] Cannot infer the update date for some files, as they are not tracked by git.
[90m[[90mwebpackbar[90m][39m [36mℹ[39m Compiling Client
[90m[[90mwebpackbar[90m][39m [36mℹ[39m Compiling Server
[90m[[90mwebpackbar[90m][39m [32m✔[39m Server: Compiled successfully in 3.03s
[90m[[90mwebpackbar[90m][39m [32m✔[39m Client: Compiled successfully in 3.79s

[ERROR] Error: Unable to build website for locale en.
    at tryToBuildLocale (C:\Users\UDAY\Documents\WORK media\Projects\my-docusaurus-site\website\node_modules\@docusaurus\core\lib\commands\build\build.js:83:15)
    at async C:\Users\UDAY\Documents\WORK media\Projects\my-docusaurus-site\website\node_modules\@docusaurus\core\lib\commands\build\build.js:35:9
    at async mapAsyncSequential (C:\Users\UDAY\Documents\WORK media\Projects\my-docusaurus-site\website\node_modules\@docusaurus\utils\lib\jsUtils.js:21:24)
    at async Command.build (C:\Users\UDAY\Documents\WORK media\Projects\my-docusaurus-site\website\node_modules\@docusaurus\core\lib\commands\build\build.js:34:5)
    at async Promise.all (index 0)
    at async runCLI (C:\Users\UDAY\Documents\WORK media\Projects\my-docusaurus-site\website\node_modules\@docusaurus\core\lib\commands\cli.js:56:5)
    at async file:///C:/Users/UDAY/Documents/WORK%20media/Projects/my-docusaurus-site/website/node_modules/@docusaurus/core/bin/docusaurus.mjs:44:3 {
  [cause]: Error: Docusaurus static site generation failed for 1 paths:
  - "/docs/Semester 2/extras/"
      at throwSSGError (C:\Users\UDAY\Documents\WORK media\Projects\my-docusaurus-site\website\node_modules\@docusaurus\core\lib\ssg\ssgGlobalResult.js:56:11)
      at createGlobalSSGResult (C:\Users\UDAY\Documents\WORK media\Projects\my-docusaurus-site\website\node_modules\@docusaurus\core\lib\ssg\ssgGlobalResult.js:66:9)
      ... 7 lines matching cause stack trace ...
      at async mapAsyncSequential (C:\Users\UDAY\Documents\WORK media\Projects\my-docusaurus-site\website\node_modules\@docusaurus\utils\lib\jsUtils.js:21:24) {
    [cause]: AggregateError
        at throwSSGError (C:\Users\UDAY\Documents\WORK media\Projects\my-docusaurus-site\website\node_modules\@docusaurus\core\lib\ssg\ssgGlobalResult.js:57:16)
        at createGlobalSSGResult (C:\Users\UDAY\Documents\WORK media\Projects\my-docusaurus-site\website\node_modules\@docusaurus\core\lib\ssg\ssgGlobalResult.js:66:9)
        at C:\Users\UDAY\Documents\WORK media\Projects\my-docusaurus-site\website\node_modules\@docusaurus\core\lib\ssg\ssgExecutor.js:30:68
        at async executeSSG (C:\Users\UDAY\Documents\WORK media\Projects\my-docusaurus-site\website\node_modules\@docusaurus\core\lib\ssg\ssgExecutor.js:144:20)
        at async buildLocale (C:\Users\UDAY\Documents\WORK media\Projects\my-docusaurus-site\website\node_modules\@docusaurus\core\lib\commands\build\buildLocale.js:84:31)
        at async runBuildLocaleTask (C:\Users\UDAY\Documents\WORK media\Projects\my-docusaurus-site\website\node_modules\@docusaurus\core\lib\commands\build\build.js:98:5)
        at async C:\Users\UDAY\Documents\WORK media\Projects\my-docusaurus-site\website\node_modules\@docusaurus\core\lib\commands\build\build.js:79:13
        at async tryToBuildLocale (C:\Users\UDAY\Documents\WORK media\Projects\my-docusaurus-site\website\node_modules\@docusaurus\core\lib\commands\build\build.js:75:9)
        at async C:\Users\UDAY\Documents\WORK media\Projects\my-docusaurus-site\website\node_modules\@docusaurus\core\lib\commands\build\build.js:35:9
        at async mapAsyncSequential (C:\Users\UDAY\Documents\WORK media\Projects\my-docusaurus-site\website\node_modules\@docusaurus\utils\lib\jsUtils.js:21:24) {
      [errors]: [
        Error: Can't render static file for pathname "/docs/Semester 2/extras/"
            at generateStaticFile (C:\Users\UDAY\Documents\WORK media\Projects\my-docusaurus-site\website\node_modules\@docusaurus\core\lib\ssg\ssgRenderer.js:131:20)
            at async C:\Users\UDAY\Documents\WORK media\Projects\my-docusaurus-site\website\node_modules\p-map\index.js:57:22 {
          [cause]: Error: Expected component `Link` to be defined: you likely forgot to import, pass, or provide it.
              at _missingMdxReference (server.bundle.js:16450:9)
              at _createMdxContent (server.bundle.js:16210:14)
              at MDXContent (server.bundle.js:16447:8)
              at renderWithHooks (server.bundle.js:48301:18)
              at renderElement (server.bundle.js:48439:14)
              at retryNode (server.bundle.js:49157:16)
              at renderNodeDestructive (server.bundle.js:48951:7)
              at renderElement (server.bundle.js:48884:11)
              at retryNode (server.bundle.js:49157:16)
              at renderNodeDestructive (server.bundle.js:48951:7)
        }
      ]
    }
  }
}
[INFO] Docusaurus version: 3.9.2
Node version: v22.19.0
